20231114	22:06:56	b6fab1a3-603c-4623-b33c-6c78027ee057	GET	/	undefined
20231114	22:06:56	a8dfe1a7-da31-401f-83b8-f17d146c3adc	GET	/css/style.css	undefined
20231114	22:06:56	69e7f59c-40f4-41a5-9022-c44c84d03767	GET	/favicon.ico	undefined
20231114	22:07:33	ecc4c4fb-7332-44f1-93eb-1ffa9acbcbba	GET	/api	undefined
20231114	22:07:33	b7f40e5d-570b-4fb3-81c6-5f16775ec875	GET	/api/	undefined
20231114	22:07:33	35bb6f9b-1eee-4097-b12f-ecf204d442bd	GET	/api/css/style.css	undefined
20231114	22:08:43	f9315425-d807-408e-99ac-f89d45e8b2cb	GET	/	undefined
20231114	22:08:43	e3a4e2ba-4e01-4605-96a2-099aced1c91a	GET	/css/style.css	undefined
20231114	22:09:02	cde2fe64-bd15-41ec-a462-c8f23db2367c	GET	/	undefined
20231114	22:09:02	5b88cd94-4f98-4ac3-ac1c-042e9bef360f	GET	/css/style.css	undefined
20231114	22:09:05	2de82411-cd53-4251-8eef-d76e8b69d6ad	GET	/	undefined
20231114	22:09:05	8e8a2f5e-fead-48de-9224-ccab5d67b206	GET	/css/style.css	undefined
20231114	22:10:02	7ccbb73f-3f74-4b6e-94e3-887c5ce3b373	GET	/	undefined
20231114	22:10:02	f54733f2-7c36-4f97-ae46-a5c29f660e99	GET	/css/style.css	undefined
20231114	22:10:04	a4a5e5e0-eb86-429a-8cfb-7565452d4ad3	GET	/	undefined
20231114	22:10:04	ae244c8d-0b70-4059-ab76-f05a7e107447	GET	/css/style.css	undefined
20231114	22:10:50	5bfbb191-b337-472d-9b27-16117cdc148a	GET	/	undefined
20231114	22:10:50	63354d52-07fa-4129-87f3-5c5c2fb3c1e6	GET	/css/style.css	undefined
20231114	22:10:54	2ef1b0ab-a213-4d1f-a700-c530fcefdca1	GET	/api/	undefined
20231114	22:10:54	0b1f0680-e00d-495b-87fd-142f2fab3097	GET	/api/css/style.css	undefined
20231114	22:18:57	a6dc75c9-e87f-49bd-99de-203a0d6b2cbe	GET	/api/	undefined
20231114	22:18:57	f6ec5ee9-4beb-461d-8d74-891c3029eafd	GET	/api/css/style.css	undefined
20231114	22:19:04	02719986-e329-4de2-9b19-227b743f168b	GET	/	undefined
20231114	22:19:04	0932eae7-df12-427f-a6c5-89a753bc12a9	GET	/assets/index-dd76cf2b.js	http://localhost:5000
20231114	22:19:04	af578e0a-b69e-4408-8785-db2c94ce8813	GET	/assets/index-ea5f6cf5.css	undefined
20231114	22:19:31	2c4edc18-d4db-4a6b-be03-f38649e5d130	GET	/assets/index-ea5f6cf5.css	undefined
20231114	22:19:54	e1ba438b-8613-4778-8035-5fc04c0ae73c	GET	/admin	undefined
20231114	22:19:54	86583b84-bc4f-4f14-a9ba-2e7d011e3f43	GET	/css/style.css	undefined
20231114	22:20:53	c00c7acc-02c7-4ed0-9ee1-1a000ed28ad4	GET	/api/	undefined
20231114	22:20:53	9989ec35-af32-4bbb-95b4-a3d0833cf395	GET	/api/css/style.css	undefined
20231114	22:21:00	1c4df680-e8fa-4691-83ad-4dd96af91f74	GET	/	undefined
20231114	22:21:00	1cd2c6d5-4539-4d39-ae5e-86538a28a04f	GET	/assets/index-dd76cf2b.js	http://localhost:5000
20231114	22:21:00	e1db0baf-7ec6-4b19-9ef9-fcb6b7661900	GET	/assets/index-ea5f6cf5.css	undefined
20231114	22:21:48	ac81e6e0-3a1a-4399-87af-fa8df5ecac96	GET	/	undefined
20231114	22:21:48	0b1d4cb6-ac5e-4cec-8794-d1998eff2131	GET	/assets/index-dd76cf2b.js	http://localhost:5000
20231114	22:21:48	2e92bc9a-1424-4f07-a315-02b35f2bafb4	GET	/assets/index-ea5f6cf5.css	undefined
20231114	22:23:17	b5626095-b7ec-41fa-9663-255cf0483981	GET	/	undefined
20231114	22:23:17	953495a1-18bf-4176-bcbb-5cb67bbce8cf	GET	/assets/index-dd76cf2b.js	http://localhost:5000
20231114	22:23:17	e353ffe0-e781-4e9c-8154-236f7fc41f18	GET	/assets/index-ea5f6cf5.css	undefined
20231114	22:23:17	e523c27f-26ec-453d-ac2f-d27632f3d2dd	GET	/assets/background6-4fd76439.jpg	undefined
20231114	22:23:17	93020970-05aa-44ab-9b69-9174ed1812b8	GET	/assets/background4-a072f41b.jpg	undefined
20231114	22:23:17	620dff81-d909-4eaf-a83d-9fe7e59030d1	GET	/assets/background5-4e19d6b3.jpg	undefined
20231114	22:23:17	ce71c00c-137b-401a-805e-115118111f8b	GET	/assets/benefit-5c2d8b4d.svg	undefined
20231114	22:23:17	97a6ac56-62a6-4c4f-88f8-b33f73bfe804	GET	/assets/investment-68153d44.svg	undefined
20231114	22:23:17	7b20497c-10d6-41c4-bf80-4a040d91daa0	GET	/assets/passport_flag-bf99ce4b.jpg	undefined
20231114	22:23:17	7ca2b5fe-a192-4b7e-a7ed-7e9448d8e3fd	GET	/assets/service_education-1826dd1a.jpeg	undefined
20231114	22:23:17	dff6cdbf-82b9-4582-973f-0745511618f7	GET	/assets/service_exchange-a1415e40.jpeg	undefined
20231114	22:23:17	b556122b-b13d-4627-a576-570432be29ad	GET	/assets/service_immigration-d0bff695.jpeg	undefined
20231114	22:23:17	b8adc4ca-a1c5-4ed3-b740-5b8dd9310872	GET	/assets/service_insurance-cab75317.jpeg	undefined
20231114	22:23:17	fc33c153-18e3-453c-b034-466475867300	GET	/assets/service_law-d7127eaf.jpeg	undefined
20231114	22:23:17	d708cc38-452e-4ebd-8309-d5315ec55348	GET	/assets/service_translation-433dec12.jpeg	undefined
20231114	22:23:17	92927947-91c0-48e7-baac-419890a07904	GET	/assets/project_1_2-acb54367.jpg	undefined
20231114	22:23:17	b2e2a6d0-6af2-4fcd-98ca-88d5cb58ef09	GET	/assets/legal_assistant-7eef676f.jpg	undefined
20231114	22:23:17	3b52c79b-40fb-4720-b8b1-2f285cae5438	GET	/assets/property_tours-f803d05f.jpg	undefined
20231114	22:23:17	3b6ac38f-ae52-4000-a2d1-9d81a07ce5c0	GET	/assets/application_processing-931065b7.jpg	undefined
20231114	22:23:17	f9205b9f-236b-4513-ae6a-4044085485e6	GET	/assets/project_1_0-b5eaa6dd.jpg	undefined
20231114	22:23:17	f753766e-580e-4dee-820f-9be5e9245a56	GET	/assets/project_2_0-7d0be142.jpg	undefined
20231114	22:23:17	e5e74347-280a-4768-85da-cb205a2194d6	GET	/assets/project_3_0-98e3a712.jpg	undefined
20231114	22:23:17	d22d6009-bcaa-4cb4-9948-b3e582f302cd	GET	/assets/project_4_0-fbc82258.jpg	undefined
20231114	22:23:17	270ff7e7-2bd0-43e6-8e05-718b8ca93889	GET	/assets/homecity_logo-6dd508ab.svg	undefined
20231114	22:23:22	67e159fd-99a3-47cf-8ef1-476d74ad265f	GET	/assets/project_1_1-50ce0323.jpg	undefined
20231114	22:23:27	99ce5403-7a3c-486e-b152-6bab70ded7af	GET	/assets/project_1_3-9cfc848d.jpg	undefined
20231114	22:23:37	dfcedbf5-5dbf-4787-b8a7-e6deaa11d27d	GET	/assets/project_1_4-a2c6b482.jpg	undefined
20231114	22:23:57	51c9de28-29fe-449f-a824-e5c227a2c928	GET	/assets/project_1_3-9cfc848d.jpg	undefined
20231114	22:26:45	a7ccdd68-ead9-4f2b-8761-2d41cebc9077	GET	/assets/project_1_4-a2c6b482.jpg	undefined
20231114	22:26:50	2a605537-57c5-43ae-b204-84eed731992b	GET	/assets/project_1_2-acb54367.jpg	undefined
20231114	22:27:05	bfbaa5da-4090-4402-97aa-3ad57f3cbbd0	GET	/assets/project_1_3-9cfc848d.jpg	undefined
20231114	22:27:14	618614d2-099b-49e7-95b3-9cc1e3e07e3a	GET	/	undefined
20231114	22:27:14	1893688a-ae21-476a-9d82-0a54a51c775a	GET	/assets/index-dd76cf2b.js	http://localhost:5000
20231114	22:27:14	1336d75f-fd62-4b04-b47d-50c1c172554f	GET	/assets/index-ea5f6cf5.css	undefined
20231114	22:27:14	280b00eb-332e-47c7-9af5-788e4bed5659	GET	/assets/background6-4fd76439.jpg	undefined
20231114	22:27:14	9d7190f8-945d-4c5f-a01d-88021176ab8f	GET	/assets/background4-a072f41b.jpg	undefined
20231114	22:27:14	e9a6a586-9d67-4148-bc12-44cb2796298b	GET	/assets/background5-4e19d6b3.jpg	undefined
20231114	22:27:14	75dd61bb-27e0-4e85-bd68-93d234f49c60	GET	/assets/benefit-5c2d8b4d.svg	undefined
20231114	22:27:14	506604df-18bb-46a2-99fd-dcd714c8972c	GET	/assets/investment-68153d44.svg	undefined
20231114	22:27:14	8a0a43eb-0afd-4abc-a43d-90066a4d79d9	GET	/assets/passport_flag-bf99ce4b.jpg	undefined
20231114	22:27:14	5b6727ba-8efc-4dbb-ab27-e59629c5f093	GET	/assets/service_education-1826dd1a.jpeg	undefined
20231114	22:27:14	91fd976a-6671-411e-bc25-0f07ffc9accb	GET	/assets/service_exchange-a1415e40.jpeg	undefined
20231114	22:27:14	6ffe04e0-b743-42f6-b575-fb7ff5bc741d	GET	/assets/service_immigration-d0bff695.jpeg	undefined
20231114	22:27:14	d7f2507d-723b-4e00-9148-cdfe8abc0fe8	GET	/assets/service_insurance-cab75317.jpeg	undefined
20231114	22:27:14	68b4af53-c58e-4831-86e2-74dfe5ec1d00	GET	/assets/service_law-d7127eaf.jpeg	undefined
20231114	22:27:14	f0adb37f-664d-4a8f-a28b-0f079592f26f	GET	/assets/service_translation-433dec12.jpeg	undefined
20231114	22:27:14	b208a29a-5531-4cb2-b852-6ab849675178	GET	/assets/project_1_0-b5eaa6dd.jpg	undefined
20231114	22:27:14	0863e2d3-3950-4519-9b95-3a31cf2f36ba	GET	/assets/legal_assistant-7eef676f.jpg	undefined
20231114	22:27:14	77ff1592-3fd9-47de-aa39-74b21e07f8a0	GET	/assets/property_tours-f803d05f.jpg	undefined
20231114	22:27:14	1f6f4d43-707d-4f88-8a4c-a1772d3aca12	GET	/assets/application_processing-931065b7.jpg	undefined
20231114	22:27:14	f562a919-9b84-4ee5-8057-d2df30c5e6a0	GET	/assets/project_2_0-7d0be142.jpg	undefined
20231114	22:27:14	03311be8-ec3b-43b1-bd3f-e77049e587aa	GET	/assets/project_3_0-98e3a712.jpg	undefined
20231114	22:27:14	c04438eb-3070-4dbe-9674-7021e91be53e	GET	/assets/project_4_0-fbc82258.jpg	undefined
20231114	22:27:15	e9127563-8ddd-4685-be2b-8936fd439bd0	GET	/assets/homecity_logo-6dd508ab.svg	undefined
20231114	22:27:29	b8411278-39b5-46ca-8abe-f604ac3931b7	GET	/assets/project_1_1-50ce0323.jpg	undefined
20231114	22:27:34	f71d1902-c8f4-43d6-baf0-8925080b2414	GET	/assets/project_1_3-9cfc848d.jpg	undefined
20231114	22:27:39	b06bb292-5955-4669-855a-d2acbd1f457b	GET	/assets/project_1_4-a2c6b482.jpg	undefined
20231114	22:27:54	cda7acfc-b889-4d3a-b2f2-bd0dce309be2	GET	/assets/project_1_1-50ce0323.jpg	undefined
20231114	22:27:59	af0f4291-a1a2-43e6-9297-83f879265051	GET	/assets/project_1_3-9cfc848d.jpg	undefined
20231114	22:28:24	9b499617-8afc-4126-ae84-32e12f4f2a25	GET	/assets/project_1_2-acb54367.jpg	undefined
20231114	22:42:50	0d75c9c9-39f8-4f1f-9a07-1ea9e8f60d53	GET	/assets/project_1_2-acb54367.jpg	undefined
20231114	22:43:13	68b37d0c-460f-4e1b-959f-a7ed9642e754	GET	/	undefined
20231114	22:43:13	eaf486b7-3dc8-46a9-8f9e-e3b53f365a15	GET	/assets/index-8e9904d1.js	http://localhost:5000
20231114	22:43:13	0bf5a263-e028-455a-ab37-90664b1649cd	GET	/assets/index-ea5f6cf5.css	undefined
20231114	22:43:13	f8812bbc-8964-47d6-b98e-89ba3996b643	GET	/assets/background6-4fd76439.jpg	undefined
20231114	22:43:13	91ba2837-a1b4-4448-95d9-f8cf910f3e62	GET	/assets/background4-a072f41b.jpg	undefined
20231114	22:43:13	0724a1bd-8688-4c41-92d5-d16583fc1310	GET	/assets/background5-4e19d6b3.jpg	undefined
20231114	22:43:13	ff3bbac0-ca26-4d38-9d1c-d13bb8d422c2	GET	/assets/benefit-5c2d8b4d.svg	undefined
20231114	22:43:13	af12f723-06d1-4344-a652-949773bc2ecd	GET	/assets/investment-68153d44.svg	undefined
20231114	22:43:13	e612c8b3-acdc-406a-8a62-091c2c883629	GET	/assets/passport_flag-bf99ce4b.jpg	undefined
20231114	22:43:13	24495326-5416-4ec8-a341-69899ec58b2d	GET	/assets/service_education-1826dd1a.jpeg	undefined
20231114	22:43:13	8ba99bce-ac80-4158-947e-7e064e5fa78f	GET	/assets/service_exchange-a1415e40.jpeg	undefined
20231114	22:43:13	9284f967-cf8a-40d4-b659-2a55566d2ae2	GET	/assets/service_immigration-d0bff695.jpeg	undefined
20231114	22:43:13	7522302a-4823-4d74-a925-808689ff830d	GET	/assets/service_insurance-cab75317.jpeg	undefined
20231114	22:43:13	dc0f66a0-8802-4d37-b29c-45c265303cfd	GET	/assets/service_law-d7127eaf.jpeg	undefined
20231114	22:43:13	707958f2-3131-4192-9e45-f6225f4ea28e	GET	/assets/service_translation-433dec12.jpeg	undefined
20231114	22:43:13	2e530070-e263-4132-9eaf-e1dfb586b05d	GET	/assets/project_1_4-a2c6b482.jpg	undefined
20231114	22:43:13	0fc0a788-5ea7-4232-89a5-e76f2e20e6bd	GET	/assets/legal_assistant-7eef676f.jpg	undefined
20231114	22:43:13	9e503dc5-f652-4447-8346-d587a1c7f6f3	GET	/assets/property_tours-f803d05f.jpg	undefined
20231114	22:43:13	971fcd2e-4fc0-4a33-9a58-c27e5eeb8f15	GET	/assets/application_processing-931065b7.jpg	undefined
20231114	22:43:13	cf745981-984e-4400-b7db-88871987fe9d	GET	/assets/project_1_0-b5eaa6dd.jpg	undefined
20231114	22:43:13	52e65523-84c7-437e-a792-924a6ba8515a	GET	/assets/project_2_0-7d0be142.jpg	undefined
20231114	22:43:13	5638c518-a018-4a13-b205-cdf4aa0f5850	GET	/assets/project_3_0-98e3a712.jpg	undefined
20231114	22:43:13	9530a930-762f-435f-9d43-9694a3748894	GET	/assets/project_4_0-fbc82258.jpg	undefined
20231114	22:43:18	5086c33b-379f-4c66-ba31-8d4a8eaaeb9a	GET	/assets/project_1_2-acb54367.jpg	undefined
20231114	22:43:19	172de7e2-a7b0-48ca-93ea-f25c4cebe07c	GET	/socket.io/?EIO=4&transport=polling&t=OlFN17X	undefined
20231114	22:43:20	a4d42318-b25c-40e7-b3ae-10f88b5f4ce5	GET	/socket.io/?EIO=4&transport=polling&t=OlFN1QG	undefined
20231114	22:43:22	f053d151-fe90-47b1-8fb3-b9559b8d5f3d	GET	/socket.io/?EIO=4&transport=polling&t=OlFN1rO	undefined
20231114	22:43:25	cc25d3c1-7ab6-45f0-a5ca-b2cae929d64f	GET	/assets/index-ea5f6cf5.css	undefined
20231114	22:43:26	31a4126e-f4a4-4471-aec9-0461b62afd65	GET	/socket.io/?EIO=4&transport=polling&t=OlFN2ol	undefined
20231114	22:43:31	6696e799-60b6-4cec-91a4-cac3ff7c345e	GET	/socket.io/?EIO=4&transport=polling&t=OlFN40z	undefined
20231114	22:43:36	fee01c93-dc2c-45a8-8098-bbca85fcb54c	GET	/socket.io/?EIO=4&transport=polling&t=OlFN5FB	undefined
20231114	22:43:41	f65eca87-cf8a-4586-b4f4-ce88502aa9ab	GET	/socket.io/?EIO=4&transport=polling&t=OlFN6TO	undefined
20231114	22:43:46	44f54235-de46-450f-9897-cc3d54c95c6b	GET	/socket.io/?EIO=4&transport=polling&t=OlFN7hb	undefined
20231114	22:43:50	26a7be2c-53ab-4b36-903c-3e1675236d3f	GET	/assets/project_1_4-a2c6b482.jpg	undefined
20231114	22:43:51	c0ad0cb4-d54b-4abf-b71a-5f9dda920e52	GET	/socket.io/?EIO=4&transport=polling&t=OlFN8vp	undefined
20231114	22:43:56	1f506b85-7eb5-4ed8-81c6-a34ea9bc241c	GET	/socket.io/?EIO=4&transport=polling&t=OlFNA80	undefined
20231114	22:44:01	33a0bfd7-eabb-484e-b451-5595ac87f0b2	GET	/socket.io/?EIO=4&transport=polling&t=OlFNBME	undefined
20231114	22:44:06	a6daa76a-5138-437a-a2f1-f20b71d8485f	GET	/socket.io/?EIO=4&transport=polling&t=OlFNCaR	undefined
20231114	22:44:11	dd78f7c5-eb21-4b80-b0f6-8616f53039fd	GET	/socket.io/?EIO=4&transport=polling&t=OlFNDod	undefined
20231114	22:44:16	22f41625-270d-4b96-995c-b8ecb4fd2653	GET	/socket.io/?EIO=4&transport=polling&t=OlFNF0r	undefined
20231114	22:44:21	bbe3777c-cc52-4221-8b0d-613f7c814639	GET	/socket.io/?EIO=4&transport=polling&t=OlFNGF5	undefined
20231114	22:44:26	ab231068-4905-47ce-91e8-4a511c31a235	GET	/socket.io/?EIO=4&transport=polling&t=OlFNHTL	undefined
20231114	22:44:31	80e911a7-c1c1-45b0-b9a1-df519e367db9	GET	/socket.io/?EIO=4&transport=polling&t=OlFNIhm	undefined
20231114	22:44:36	c7c90503-ce24-4603-a9aa-ef44419ee4ec	GET	/socket.io/?EIO=4&transport=polling&t=OlFNJv-	undefined
20231114	22:44:41	02907ec4-c36e-481f-9fe5-ba40e2c40495	GET	/socket.io/?EIO=4&transport=polling&t=OlFNL8D	undefined
20231114	22:44:46	c2242df1-3860-4023-bb3a-de5aab1bfbba	GET	/socket.io/?EIO=4&transport=polling&t=OlFNMMR	undefined
20231114	22:44:51	a8684f5a-5887-4cca-ba76-6ca8c1bab8b6	GET	/socket.io/?EIO=4&transport=polling&t=OlFNNag	undefined
20231114	22:44:56	258164b9-e7bb-4337-bdf7-2f74e76b8f24	GET	/socket.io/?EIO=4&transport=polling&t=OlFNOot	undefined
20231114	22:45:01	e18a7a01-c4dc-45b4-873a-fd4382ce5a2a	GET	/socket.io/?EIO=4&transport=polling&t=OlFNQ1I	undefined
20231114	22:45:06	342e8afe-6d58-4498-a811-d1872eebddf5	GET	/socket.io/?EIO=4&transport=polling&t=OlFNRFW	undefined
20231114	22:45:11	b4328316-18dd-457f-b02f-0b618e3fb587	GET	/socket.io/?EIO=4&transport=polling&t=OlFNSTm	undefined
20231114	22:45:16	230ba74c-cb2b-441e-8d70-0d54dfdaf39c	GET	/socket.io/?EIO=4&transport=polling&t=OlFNTiB	undefined
20231114	22:45:21	46d1dd0b-6b93-484e-bf8a-7fc0ceb92c05	GET	/socket.io/?EIO=4&transport=polling&t=OlFNUwb	undefined
20231114	22:45:26	f5f6c2c6-fe7d-4161-adec-680401f423a2	GET	/socket.io/?EIO=4&transport=polling&t=OlFNW8r	undefined
20231114	22:45:31	22b39770-a576-499d-8393-4ca53a4add6e	GET	/socket.io/?EIO=4&transport=polling&t=OlFNXNF	undefined
20231114	22:45:36	3618fc45-b018-41da-9d0d-0684c26f7ca9	GET	/socket.io/?EIO=4&transport=polling&t=OlFNYbU	undefined
20231114	22:45:41	74d19920-c610-49f0-9dec-10d39b4a3b48	GET	/socket.io/?EIO=4&transport=polling&t=OlFNZpi	undefined
20231114	22:45:46	c909ad7f-8e30-49f9-9fae-a31bbfe2da59	GET	/socket.io/?EIO=4&transport=polling&t=OlFNb1x	undefined
20231114	22:45:51	acd2184b-376e-4dfb-b8dc-7db538413085	GET	/socket.io/?EIO=4&transport=polling&t=OlFNcGA	undefined
20231114	22:45:56	9a500157-1d68-415f-a0fd-e04cf79e66a1	GET	/socket.io/?EIO=4&transport=polling&t=OlFNdUP	undefined
20231114	22:46:01	fca8fffc-c199-427c-8387-bfcf956a99b5	GET	/socket.io/?EIO=4&transport=polling&t=OlFNeio	undefined
20231114	22:46:06	e692697d-69c9-4904-9247-af438447ee44	GET	/socket.io/?EIO=4&transport=polling&t=OlFNfxA	undefined
20231114	22:46:11	a03c187b-93fe-4944-b79b-6fe29f0129a3	GET	/socket.io/?EIO=4&transport=polling&t=OlFNh9N	undefined
20231114	22:46:16	d4166993-b46e-4b56-ae72-f59aacc545b7	GET	/socket.io/?EIO=4&transport=polling&t=OlFNiNn	undefined
20231114	22:46:21	1bb73426-6fdc-4a20-acd6-3657cfacb435	GET	/socket.io/?EIO=4&transport=polling&t=OlFNjcB	undefined
20231114	22:46:26	9dd1dc0d-021b-4acf-babe-7ecc4ad06e6d	GET	/socket.io/?EIO=4&transport=polling&t=OlFNkqS	undefined
20231114	22:46:31	e6f2509b-e7ad-42c4-992e-173eaffb7d6f	GET	/socket.io/?EIO=4&transport=polling&t=OlFNm2s	undefined
20231114	22:46:36	81a23a79-99e3-4e77-b64d-808c04ca5be6	GET	/socket.io/?EIO=4&transport=polling&t=OlFNnH5	undefined
20231114	22:46:41	922f9b6c-ecea-4fec-b5a9-70be96e8f3ed	GET	/socket.io/?EIO=4&transport=polling&t=OlFNoVJ	undefined
20231114	22:46:46	3b4333fe-309e-4ce7-9eaa-7557ec772eec	GET	/socket.io/?EIO=4&transport=polling&t=OlFNpjY	undefined
20231114	22:46:51	e6bce22c-d1a0-4379-9bb9-9fd2e32328d3	GET	/socket.io/?EIO=4&transport=polling&t=OlFNqxo	undefined
20231114	22:46:56	88b686cc-029d-48b6-8b9a-c5c8c97c800f	GET	/socket.io/?EIO=4&transport=polling&t=OlFNsA1	undefined
20231114	22:47:01	1302d10c-4326-4b6e-a75a-04c8e561e9e6	GET	/socket.io/?EIO=4&transport=polling&t=OlFNtOE	undefined
20231114	22:47:06	cd96570b-4544-49d7-9a98-60597832fdd4	GET	/socket.io/?EIO=4&transport=polling&t=OlFNucT	undefined
20231114	22:47:11	424018f6-3fec-4731-b203-1dafdf29b56e	GET	/socket.io/?EIO=4&transport=polling&t=OlFNvqj	undefined
20231114	22:47:16	daa6ece3-28c2-4b6d-8916-7b1a08251ed0	GET	/socket.io/?EIO=4&transport=polling&t=OlFNx37	undefined
20231114	22:47:21	37156691-323c-41ab-80cb-21c987685810	GET	/socket.io/?EIO=4&transport=polling&t=OlFNyHX	undefined
20231114	22:47:26	7159cd87-38dc-449f-8714-1c283799425b	GET	/socket.io/?EIO=4&transport=polling&t=OlFNzVk	undefined
20231114	22:47:31	63959c38-6647-4d25-8b60-464a63893b84	GET	/socket.io/?EIO=4&transport=polling&t=OlFN-k8	undefined
20231114	22:47:36	d86d21bf-e1f9-42b4-890a-92ab2624fc89	GET	/socket.io/?EIO=4&transport=polling&t=OlFN_yO	undefined
20231114	22:47:41	f2173545-9c73-4a1e-858f-5f3408863f40	GET	/socket.io/?EIO=4&transport=polling&t=OlFO1Ab	undefined
20231114	22:47:46	eb87da58-6f48-4ecd-891c-6745bb8442e7	GET	/socket.io/?EIO=4&transport=polling&t=OlFO2Or	undefined
20231114	22:47:50	009df4f8-dda0-41c9-830a-f7566762b74d	GET	/assets/project_1_3-9cfc848d.jpg	undefined
20231114	22:47:51	5c13d5e4-f516-4934-bbd4-0606d9b9ff56	GET	/socket.io/?EIO=4&transport=polling&t=OlFO3d4	undefined
20231114	22:47:56	f6dc7831-2575-418e-a04d-722b6e74baad	GET	/socket.io/?EIO=4&transport=polling&t=OlFO4rI	undefined
20231114	22:48:01	cd085976-2fd1-4c6c-9bc8-55fe3a6627cc	GET	/socket.io/?EIO=4&transport=polling&t=OlFO63i	undefined
20231114	22:48:06	2906904a-22d4-4879-b384-cff2f4ebfaa4	GET	/socket.io/?EIO=4&transport=polling&t=OlFO7Hx	undefined
20231114	22:48:11	b9956fc3-a006-41f6-84ce-aad393f2eaf0	GET	/socket.io/?EIO=4&transport=polling&t=OlFO8W8	undefined
20231114	22:48:16	f177952c-cb9e-4453-a261-a88cbddcde31	GET	/socket.io/?EIO=4&transport=polling&t=OlFO9kN	undefined
20231114	22:48:21	63ec5e30-7de9-4a05-84dc-1d152a87668e	GET	/socket.io/?EIO=4&transport=polling&t=OlFOAyc	undefined
20231114	22:48:26	b5c0849d-c581-4b3f-a12c-582a4d56e4a5	GET	/socket.io/?EIO=4&transport=polling&t=OlFOCAr	undefined
20231114	22:48:31	68f24b82-dcda-4813-89b4-9c4c0317bd15	GET	/socket.io/?EIO=4&transport=polling&t=OlFODP4	undefined
20231114	22:48:36	2cbdfc40-7622-4089-b4fc-2626a84bb803	GET	/socket.io/?EIO=4&transport=polling&t=OlFOEdH	undefined
20231114	22:48:41	a2d5e494-b07b-40c4-a50d-b201f3406eea	GET	/socket.io/?EIO=4&transport=polling&t=OlFOFrh	undefined
20231114	22:48:46	5febfca7-50b0-4f0e-902b-3386a7530f61	GET	/socket.io/?EIO=4&transport=polling&t=OlFOH3v	undefined
20231114	22:48:51	0fbef8e7-dd55-4d48-8694-d697797fa022	GET	/socket.io/?EIO=4&transport=polling&t=OlFOII8	undefined
20231114	22:48:56	43078a9f-e65b-4dd1-affe-0ddac95982f2	GET	/socket.io/?EIO=4&transport=polling&t=OlFOJWN	undefined
20231114	22:49:01	d1085da1-50e5-4e6c-aa7e-157e1e994aa4	GET	/socket.io/?EIO=4&transport=polling&t=OlFOKkd	undefined
20231114	22:49:07	931c2780-c441-486b-8636-5695f79a3377	GET	/socket.io/?EIO=4&transport=polling&t=OlFOLyt	undefined
20231114	22:49:12	574ff18a-046a-4441-a3b5-09576e3bbe4f	GET	/socket.io/?EIO=4&transport=polling&t=OlFONB5	undefined
20231114	22:49:17	280a2f76-17cd-4dc7-971d-5a1869ac73f7	GET	/socket.io/?EIO=4&transport=polling&t=OlFOOPJ	undefined
20231114	22:49:22	d0941c8f-cf8b-4f35-9cd2-ad3ac587f897	GET	/socket.io/?EIO=4&transport=polling&t=OlFOPdl	undefined
20231114	22:49:27	b87da380-5e33-4720-9b9e-ffde6152128d	GET	/socket.io/?EIO=4&transport=polling&t=OlFOQrz	undefined
20231114	22:49:32	1f051258-5515-4f1f-9519-e31f00f5d86d	GET	/socket.io/?EIO=4&transport=polling&t=OlFOS4A	undefined
20231114	22:49:37	d760e95b-45c5-4cd7-b2a0-6c935c214d1b	GET	/socket.io/?EIO=4&transport=polling&t=OlFOTIP	undefined
20231114	22:49:42	4fbfa700-1f36-48ef-bf76-cde6490891c1	GET	/socket.io/?EIO=4&transport=polling&t=OlFOUWe	undefined
20231114	22:49:47	3ef99225-9923-4676-ae20-765b029e7712	GET	/socket.io/?EIO=4&transport=polling&t=OlFOVkt	undefined
20231114	22:49:52	386f017e-d290-4124-aa6c-50cc3f3bbcb7	GET	/socket.io/?EIO=4&transport=polling&t=OlFOWz7	undefined
20231114	22:49:57	8ee12750-b4f0-49dc-ad82-8347b738179c	GET	/socket.io/?EIO=4&transport=polling&t=OlFOYBN	undefined
20231114	22:50:02	364d168f-1a2f-47ce-acaa-e0a0745c4155	GET	/socket.io/?EIO=4&transport=polling&t=OlFOZPc	undefined
20231114	22:50:07	c4d06c6f-066f-4aa2-80d7-9a34f3d4fc1a	GET	/socket.io/?EIO=4&transport=polling&t=OlFOadp	undefined
20231114	22:50:12	e233f1dc-ddcb-42a2-956a-794ba89baa01	GET	/socket.io/?EIO=4&transport=polling&t=OlFObs3	undefined
20231114	22:50:17	5e8398e0-2187-4bdd-89e8-90dccb7c21c3	GET	/socket.io/?EIO=4&transport=polling&t=OlFOd4J	undefined
20231114	22:50:22	2729a721-5762-4742-a4b5-030bfa0a5e0b	GET	/socket.io/?EIO=4&transport=polling&t=OlFOeIY	undefined
20231114	22:50:27	63bcd551-5c86-4d77-ac35-24a84fbbf488	GET	/socket.io/?EIO=4&transport=polling&t=OlFOfWl	undefined
20231114	22:50:32	973f4bc1-0b97-4095-b0e1-edecf0917827	GET	/socket.io/?EIO=4&transport=polling&t=OlFOgkz	undefined
20231114	22:50:37	f98e9a4d-d3d5-45c7-b23f-4617c04d8934	GET	/socket.io/?EIO=4&transport=polling&t=OlFOhzA	undefined
20231114	22:50:42	71d5cc06-b00f-4157-974b-556bff24d49c	GET	/socket.io/?EIO=4&transport=polling&t=OlFOjBP	undefined
20231114	22:50:47	7fa9ff5d-885e-431d-b883-f403349aedbe	GET	/socket.io/?EIO=4&transport=polling&t=OlFOkPc	undefined
20231114	22:50:52	9556cefe-3ded-4944-a665-ac6a8dca6415	GET	/socket.io/?EIO=4&transport=polling&t=OlFOldr	undefined
20231114	22:50:57	e66f9788-bea9-49cc-9f02-9574ef716d50	GET	/socket.io/?EIO=4&transport=polling&t=OlFOms4	undefined
20231114	22:51:02	6ac4ce45-26e6-43e3-bfd5-3a6db5329a86	GET	/socket.io/?EIO=4&transport=polling&t=OlFOo4K	undefined
20231114	22:51:07	59e7659f-c504-4287-a177-61f85ecfdd27	GET	/socket.io/?EIO=4&transport=polling&t=OlFOpIl	undefined
20231114	22:51:12	c982564b-37c8-431b-917b-455dfd97c8f4	GET	/socket.io/?EIO=4&transport=polling&t=OlFOqW_	undefined
20231114	22:51:17	0f1e0625-e66f-4bc5-8f4a-00665de8b426	GET	/socket.io/?EIO=4&transport=polling&t=OlFOrlE	undefined
20231114	22:51:22	56af1233-f948-46ad-a2a3-a33861019ce7	GET	/socket.io/?EIO=4&transport=polling&t=OlFOszT	undefined
20231114	22:51:27	bd0aae07-c8c8-44fd-a684-62117c5fd0d6	GET	/socket.io/?EIO=4&transport=polling&t=OlFOuBi	undefined
20231114	22:51:32	9232e509-ae12-47fd-831e-203093208a00	GET	/socket.io/?EIO=4&transport=polling&t=OlFOvPw	undefined
20231114	22:51:37	e6b30f0d-b4b0-40a0-a966-4307a5daf8f5	GET	/socket.io/?EIO=4&transport=polling&t=OlFOwe9	undefined
20231114	22:51:42	f9e1a718-d8fc-49ce-9cda-0a032758ddf1	GET	/socket.io/?EIO=4&transport=polling&t=OlFOxsO	undefined
20231114	22:51:47	cb4211a3-f797-4d41-acfb-ffe662f9d1c8	GET	/socket.io/?EIO=4&transport=polling&t=OlFOz4c	undefined
20231114	22:51:52	7a1b2d7e-2a23-466e-afe8-7dd7c56cceae	GET	/socket.io/?EIO=4&transport=polling&t=OlFO-Is	undefined
20231114	22:51:57	5edc78f2-3c0c-47c2-9fe9-ae3ec2cda585	GET	/socket.io/?EIO=4&transport=polling&t=OlFO_X5	undefined
20231114	22:52:02	decde4b0-43bf-4775-9d5c-fa50e84d14e9	GET	/socket.io/?EIO=4&transport=polling&t=OlFP0lI	undefined
20231114	22:52:07	08a433a8-06d0-40a2-8799-47cecc2c79c5	GET	/socket.io/?EIO=4&transport=polling&t=OlFP1zX	undefined
20231114	22:52:12	507f6bdc-2e21-4448-9486-201a29261a45	GET	/socket.io/?EIO=4&transport=polling&t=OlFP3Bl	undefined
20231114	22:52:17	54402bfa-6fd4-4a12-8536-416020e411eb	GET	/socket.io/?EIO=4&transport=polling&t=OlFP4P-	undefined
20231114	22:52:22	5f1c8488-2507-47fe-a2ea-7d8ac0a3851e	GET	/socket.io/?EIO=4&transport=polling&t=OlFP5eD	undefined
20231114	22:52:27	22781ddd-14ff-48ba-b8e7-4d94ec20d277	GET	/socket.io/?EIO=4&transport=polling&t=OlFP6sT	undefined
20231114	22:52:32	24df05b7-9683-473c-9608-85ec17eb351d	GET	/socket.io/?EIO=4&transport=polling&t=OlFP84h	undefined
20231114	22:52:37	0c455b45-84d0-437a-a536-b3207793c766	GET	/socket.io/?EIO=4&transport=polling&t=OlFP9Iv	undefined
20231114	22:52:42	cb2c2cbc-caea-435c-93ee-05e0470f890f	GET	/socket.io/?EIO=4&transport=polling&t=OlFPAX8	undefined
20231114	22:56:17	e576b3b9-9ef9-4a34-b545-81be66db159b	GET	/socket.io/?EIO=4&transport=polling&t=OlFP_36	undefined
20231114	22:56:22	d51fb2cf-879f-47d7-8992-bfae7bcd9f4b	GET	/socket.io/?EIO=4&transport=polling&t=OlFQ0HX	undefined
20231114	22:56:27	6518be71-512b-4e1c-bca8-a16d8ea4fe3e	GET	/socket.io/?EIO=4&transport=polling&t=OlFQ1cj	undefined
20231114	22:56:33	c70f746e-5abe-4882-ba37-7d20b98b926b	GET	/socket.io/?EIO=4&transport=polling&t=OlFQ34T	undefined
20231114	22:56:38	5dc0d46d-f100-4210-8b2e-ccf54b0c0f9d	GET	/	undefined
20231114	22:56:38	8f1a74e8-e66b-4add-9a56-8e4d0b9c9f2a	GET	/assets/index-8e9904d1.js	http://localhost:5000
20231114	22:56:38	a61cd110-2141-4ae8-beee-ddb06ba48c89	GET	/assets/index-ea5f6cf5.css	undefined
20231114	22:56:38	d6e186d5-1848-4b35-9acc-959bf65bb532	GET	/assets/background6-4fd76439.jpg	undefined
20231114	22:56:38	cbb884d4-7700-40e1-bf7b-4c5fba7a378b	GET	/assets/background4-a072f41b.jpg	undefined
20231114	22:56:38	53b681a9-e0b5-4c23-8de8-5d77016d83e3	GET	/assets/background5-4e19d6b3.jpg	undefined
20231114	22:56:38	c13ffca6-32cf-4233-89c1-1528a9d74a55	GET	/assets/benefit-5c2d8b4d.svg	undefined
20231114	22:56:38	c98f131d-920b-4d3e-a220-5d0ca34b75bb	GET	/assets/investment-68153d44.svg	undefined
20231114	22:56:38	1885c95a-4aec-4579-b83b-c3850aa69d1f	GET	/assets/passport_flag-bf99ce4b.jpg	undefined
20231114	22:56:38	aeaadcf1-6fa6-449d-832b-19f14a88beca	GET	/assets/service_education-1826dd1a.jpeg	undefined
20231114	22:56:38	9c15b6a1-906d-4372-87bb-8e104fda592e	GET	/assets/service_exchange-a1415e40.jpeg	undefined
20231114	22:56:38	48a732e4-3d68-475f-9e70-0d2e63d2aa78	GET	/assets/service_immigration-d0bff695.jpeg	undefined
20231114	22:56:38	97ee3ca4-128a-4e1e-8804-bf5dfcd54a7d	GET	/assets/service_insurance-cab75317.jpeg	undefined
20231114	22:56:38	7eb8a887-2e08-41a4-9f4e-f5bc1fa5660b	GET	/assets/service_law-d7127eaf.jpeg	undefined
20231114	22:56:38	b6768c00-8937-419f-a5b3-4d4c91b4f0fe	GET	/assets/service_translation-433dec12.jpeg	undefined
20231114	22:56:38	50f257d1-7913-4e47-99f0-70f4882a518c	GET	/assets/project_1_2-acb54367.jpg	undefined
20231114	22:56:38	5acec29c-df56-40b6-af80-1fa5998d8145	GET	/assets/legal_assistant-7eef676f.jpg	undefined
20231114	22:56:38	6a2bb05a-5bc5-41f8-b8e3-adb480eebbc6	GET	/assets/property_tours-f803d05f.jpg	undefined
20231114	22:56:38	22cfbc5e-ee86-4115-8ea0-bb7dbe296d8d	GET	/assets/application_processing-931065b7.jpg	undefined
20231114	22:56:38	e504ac71-a6da-4c16-9506-704aaee71e33	GET	/assets/project_1_0-b5eaa6dd.jpg	undefined
20231114	22:56:38	910eca0d-c6ec-4b92-af3f-c76c500fa3a3	GET	/assets/project_2_0-7d0be142.jpg	undefined
20231114	22:56:38	52a15e79-2ccc-4426-aa28-077b0ae95c82	GET	/assets/project_3_0-98e3a712.jpg	undefined
20231114	22:56:38	04fe09d0-c4ee-43d3-a338-6bf75caf7d92	GET	/assets/project_4_0-fbc82258.jpg	undefined
20231114	22:56:39	57455888-e19a-4335-a40e-29e98186d479	GET	/socket.io/?EIO=4&transport=polling&t=OlFQ4YD	undefined
20231114	22:56:43	34dc5ecf-03b9-40ef-805d-59ae171a9ebc	GET	/assets/project_1_4-a2c6b482.jpg	undefined
20231114	22:56:45	2c03fc08-e2d9-4dce-a845-03c1123d0fd8	GET	/socket.io/?EIO=4&transport=polling&t=OlFQ5_z	undefined
20231114	22:56:47	e81a3d60-ccda-4380-8770-2a71152b0998	GET	/socket.io/?EIO=4&transport=polling&t=OlFQ6LW	undefined
20231114	22:56:48	241bb89c-2c30-4a77-bb67-0b71d3c34752	GET	/socket.io/?EIO=4&transport=polling&t=OlFQ6c5	undefined
20231114	22:56:49	c7c72a95-9c77-44d0-80fd-f6fbc8e02b97	GET	/assets/index-ea5f6cf5.css	undefined
20231114	22:56:50	36279d30-7602-48be-abc0-d910da079eae	GET	/socket.io/?EIO=4&transport=polling&t=OlFQ77Q	undefined
20231114	22:56:51	119b6d60-ca01-4727-a837-282d3dc8763a	GET	/socket.io/?EIO=4&transport=polling&t=OlFQ7Tj	undefined
20231114	22:56:53	34f4d616-d810-41f8-971e-f911a96b7736	GET	/socket.io/?EIO=4&transport=polling&t=OlFQ7sU	undefined
20231114	22:56:57	7c5cb031-fe61-43d6-8d35-771b322b78e6	GET	/socket.io/?EIO=4&transport=polling&t=OlFQ8xT	undefined
20231114	22:56:58	dd7a8820-5601-4097-b158-36bacfb5fe12	GET	/socket.io/?EIO=4&transport=polling&t=OlFQ94g	undefined
20231114	22:57:03	88ae220e-ab07-4c08-a10e-df846c5aef4b	GET	/socket.io/?EIO=4&transport=polling&t=OlFQAIt	undefined
20231114	22:57:03	b09aec07-d5b1-4243-90d5-f216a375f1d5	GET	/socket.io/?EIO=4&transport=polling&t=OlFQAPD	undefined
20231114	22:57:08	6e1f4e4b-37de-40d9-8774-7dbe180259fb	GET	/socket.io/?EIO=4&transport=polling&t=OlFQBX4	undefined
20231114	22:57:09	03b468be-91fc-4ed7-b229-344ed2834e3e	GET	/socket.io/?EIO=4&transport=polling&t=OlFQBsz	undefined
20231114	22:57:13	a1addb1a-2bf1-4884-92cf-59ce315510d9	GET	/socket.io/?EIO=4&transport=polling&t=OlFQClH	undefined
20231114	22:57:15	c9773122-94f2-4671-9231-dd52d0b7b989	GET	/socket.io/?EIO=4&transport=polling&t=OlFQDKj	undefined
20231114	22:57:18	59572bc6-98c3-419f-a221-48f187450990	GET	/socket.io/?EIO=4&transport=polling&t=OlFQDzU	undefined
20231114	22:57:21	86f8f8cc-a58b-46ef-98cb-ede3d7efec39	GET	/socket.io/?EIO=4&transport=polling&t=OlFQEoT	undefined
20231114	22:57:23	d9a2872f-ebe0-422a-bc10-aa17fbe5b660	GET	/socket.io/?EIO=4&transport=polling&t=OlFQFBt	undefined
20231114	22:58:07	677fd24e-1895-4e59-9bed-e54bf15de2b3	GET	/franchises	undefined
20231114	22:58:07	43b1a625-1266-4569-a242-d45056aa611a	GET	/css/style.css	undefined
20231114	22:58:16	c19e8c87-8eb2-4336-b1ec-09cb36e35078	GET	/	undefined
20231114	22:58:16	25425d5d-5c71-436d-8f49-012020a6ee9c	GET	/assets/index-8e9904d1.js	http://localhost:5000
20231114	22:58:16	59b4c89e-2337-4805-ac6e-f82fed442e0f	GET	/assets/index-ea5f6cf5.css	undefined
20231114	22:58:16	4c3a1829-7932-4088-8b8a-46501c6fb08b	GET	/assets/background6-4fd76439.jpg	undefined
20231114	22:58:16	f64d9b94-2d47-4c4e-ac65-00f6fff3edbe	GET	/assets/background4-a072f41b.jpg	undefined
20231114	22:58:16	c4c7cd85-829e-47f2-b7bb-6e36e277549c	GET	/assets/background5-4e19d6b3.jpg	undefined
20231114	22:58:16	17582f5c-2ab8-4944-8fc5-01dffc9c5998	GET	/assets/benefit-5c2d8b4d.svg	undefined
20231114	22:58:16	6faad88c-73ef-40c4-a0e6-665477d8ec6c	GET	/assets/investment-68153d44.svg	undefined
20231114	22:58:16	5d66271b-9b3a-4a6e-9674-bb8f729c0f30	GET	/assets/passport_flag-bf99ce4b.jpg	undefined
20231114	22:58:16	b5ea2954-29ee-408a-be2b-22497b073a12	GET	/assets/service_education-1826dd1a.jpeg	undefined
20231114	22:58:16	b1f92d82-53e7-439f-ad1f-b711775b737a	GET	/assets/service_exchange-a1415e40.jpeg	undefined
20231114	22:58:16	b0532c1a-9c72-40e7-82d1-5073027dfd4f	GET	/assets/service_immigration-d0bff695.jpeg	undefined
20231114	22:58:16	4d21dfa2-96c2-4b74-addd-e351825b73be	GET	/assets/service_insurance-cab75317.jpeg	undefined
20231114	22:58:16	6c09d168-753f-40fd-9ff5-cf40a67ef1c4	GET	/assets/service_law-d7127eaf.jpeg	undefined
20231114	22:58:16	bfc983b8-33e3-4000-bc6b-f6217d219588	GET	/assets/service_translation-433dec12.jpeg	undefined
20231114	22:58:16	5a637d50-1001-4347-bdc5-9f612590556d	GET	/assets/project_1_2-acb54367.jpg	undefined
20231114	22:58:16	dd131322-62dc-47b6-9085-73ab00586342	GET	/assets/legal_assistant-7eef676f.jpg	undefined
20231114	22:58:16	1ea5e1e2-f9cf-4248-a081-b71c3e8190d8	GET	/assets/property_tours-f803d05f.jpg	undefined
20231114	22:58:16	29912d78-1dab-4eb1-93d1-4081e8246fe6	GET	/assets/application_processing-931065b7.jpg	undefined
20231114	22:58:16	b5e6e2d5-cebe-4027-a353-7ae71c05971c	GET	/assets/project_1_0-b5eaa6dd.jpg	undefined
20231114	22:58:16	cb3202bc-71dd-40bf-b09f-27ea07be676f	GET	/assets/project_2_0-7d0be142.jpg	undefined
20231114	22:58:16	f51ce8db-8336-4453-a225-2689b08c0237	GET	/assets/project_3_0-98e3a712.jpg	undefined
20231114	22:58:16	d7ac5942-c8d5-4bc8-a6b2-f8a6114b5324	GET	/assets/project_4_0-fbc82258.jpg	undefined
20231114	22:58:16	3f180612-d636-4421-a51a-62f1ecf75abb	GET	/assets/homecity_logo-6dd508ab.svg	undefined
20231114	22:58:34	9ddfb0a0-c0a4-4850-905e-b77d0fc06024	GET	/assets/background6-4fd76439.jpg	undefined
20231114	22:58:34	e5652ac4-a16f-40d9-9e58-74cf9bc2c110	GET	/assets/background4-a072f41b.jpg	undefined
20231114	22:58:34	1f0e70d9-a78a-4450-8c1c-f62ed48b0468	GET	/assets/background5-4e19d6b3.jpg	undefined
20231114	22:58:50	ec2a1af0-599b-483c-b955-0dfc7f1155b5	GET	/assets/project_1_4-a2c6b482.jpg	undefined
20231114	22:59:50	d2190cec-79ce-4140-9895-549eb7f788a8	GET	/assets/project_1_1-50ce0323.jpg	undefined
20231114	23:02:50	e485ff4f-72fe-493f-a5e1-a5f587abbe3c	GET	/assets/project_1_3-9cfc848d.jpg	undefined
20231114	23:04:00	4a13197c-8fab-45c7-af68-762f32d5c692	GET	/franchises	undefined
20231114	23:04:00	9a6bcba8-aa07-45b8-9ba2-d9641b61bc91	GET	/css/style.css	undefined
20231114	23:06:47	cb625399-ac7a-416e-9d71-87f0d00c3ffe	GET	/franchises	undefined
20231114	23:06:47	d2b5d756-2840-4e8c-a62a-10cf74a59648	GET	/assets/index-abb69c47.js	http://localhost:5000
20231114	23:06:47	4a99f644-86d4-4f64-976a-f55524642f7a	GET	/assets/index-ea5f6cf5.css	undefined
20231114	23:06:47	f157154f-08e9-4200-914e-9671c98ab160	GET	/assets/homecity_logo-6dd508ab.svg	undefined
20231114	23:07:03	1e4144c5-c7f4-4562-8a5a-699b17e35418	GET	/api/	undefined
20231114	23:07:03	303a8022-ba0b-49ad-8997-4884a0e7f663	GET	/assets/index-abb69c47.js	http://localhost:5000
20231114	23:07:03	8d21b44d-22a0-46f0-876b-c0543b633ef7	GET	/assets/index-ea5f6cf5.css	undefined
20231114	23:07:19	c7e86992-ac61-49fd-8f48-4269731cdec4	GET	/assets/project_1_2-acb54367.jpg	undefined
20231114	23:07:50	a0933afa-1e1f-43a0-a604-0c22b9019764	GET	/assets/project_1_1-50ce0323.jpg	undefined
20231114	23:09:18	30dece89-fe20-4d99-8e00-572e89ee7ce1	GET	/api/	undefined
20231114	23:09:18	93625e52-1c43-4f0c-bb5c-a6dcfac836af	GET	/api/css/style.css	undefined
20231114	23:09:27	77d469af-59c5-4285-97a9-c021d8cc8b64	GET	/franchises	undefined
20231114	23:09:27	97974fac-3eee-4c03-8d10-6283a864e8ca	GET	/assets/index-abb69c47.js	http://localhost:5000
20231114	23:09:27	41c64115-1486-4ceb-b581-36e9695bf8dd	GET	/assets/index-ea5f6cf5.css	undefined
20231114	23:09:27	96e499fe-3090-4ab9-9225-4b4595b3f6e1	GET	/assets/homecity_logo-6dd508ab.svg	undefined
20231114	23:09:33	ab5cbced-d803-4b46-8561-123613f84d3a	GET	/api/ad	undefined
20231114	23:09:33	b4e89b0f-e267-4ba1-92d1-e48b8cfdb67d	GET	/api/css/style.css	undefined
20231114	23:09:50	70bbaacc-aa34-403a-b38d-508bddc33581	GET	/assets/project_1_3-9cfc848d.jpg	undefined
20231114	23:10:22	449876ea-14f2-419c-87de-04b07d23983f	GET	/api/	undefined
20231114	23:10:22	99d75d24-1944-4f44-9acb-e85577c17b87	GET	/api/css/style.css	undefined
20231114	23:10:50	94f1b2e5-d002-438f-b5d2-40e4c27e4c7c	GET	/assets/project_1_2-acb54367.jpg	undefined
20231114	23:11:50	ff3c5673-4fb5-49ef-b48d-2654a9545ebc	GET	/assets/project_1_1-50ce0323.jpg	undefined
20231114	23:14:17	e0071693-ee45-4cc1-a1e4-e04e5e6b0ead	GET	/	undefined
20231114	23:14:17	8b11ff08-da4b-45ce-a9e8-887135173f88	GET	/assets/index-abb69c47.js	http://localhost:5000
20231114	23:14:17	b63d67bc-ef08-4116-bd15-b346e660a1ba	GET	/assets/index-ea5f6cf5.css	undefined
20231114	23:14:17	1c7a593a-a26b-4992-a89d-77cbee215d6f	GET	/assets/background6-4fd76439.jpg	undefined
20231114	23:14:17	da932469-cb7d-49ed-a2e1-99a9be26f6fe	GET	/assets/background4-a072f41b.jpg	undefined
20231114	23:14:17	4db412fb-57ca-4fea-b83a-05b0091c834d	GET	/assets/background5-4e19d6b3.jpg	undefined
20231114	23:14:17	f0392aa2-fe5e-45b0-a630-adbf07a84ebf	GET	/assets/benefit-5c2d8b4d.svg	undefined
20231114	23:14:17	fe5e62b6-6c9f-415a-9337-e781d41e5991	GET	/assets/investment-68153d44.svg	undefined
20231114	23:14:17	0e7d6e1a-1644-46dd-b96e-e259f971bc26	GET	/assets/passport_flag-bf99ce4b.jpg	undefined
20231114	23:14:17	6a7f174f-5805-4a2b-b296-5f9461bee073	GET	/assets/service_education-1826dd1a.jpeg	undefined
20231114	23:14:17	3f15f96d-d435-4f5a-8092-a17952ce3369	GET	/assets/service_exchange-a1415e40.jpeg	undefined
20231114	23:14:17	7b17535f-ad5c-493c-a4e2-552c10d004ab	GET	/assets/service_immigration-d0bff695.jpeg	undefined
20231114	23:14:17	ac6259ee-ddc2-4da4-997d-5d4a7efec615	GET	/assets/service_insurance-cab75317.jpeg	undefined
20231114	23:14:17	be4bfa40-f6b8-4080-b4e9-afb99c8a6c7b	GET	/assets/service_law-d7127eaf.jpeg	undefined
20231114	23:14:17	d059b627-590f-42e8-96e1-8f9fe9150845	GET	/assets/service_translation-433dec12.jpeg	undefined
20231114	23:14:17	6eeaaca1-de99-4a71-a6c8-eecc9685ac90	GET	/assets/project_1_2-acb54367.jpg	undefined
20231114	23:14:17	5249a8fa-f407-4cea-bd8e-d599568c843d	GET	/assets/legal_assistant-7eef676f.jpg	undefined
20231114	23:14:17	ace8b8ac-8146-4a10-9cec-0be0df3e0c35	GET	/assets/property_tours-f803d05f.jpg	undefined
20231114	23:14:17	4701a4af-7337-4391-b4bb-4ba4920a11db	GET	/assets/application_processing-931065b7.jpg	undefined
20231114	23:14:17	4322f3a7-183a-43be-8d42-57b114777cd5	GET	/assets/project_1_0-b5eaa6dd.jpg	undefined
20231114	23:14:17	c90f912a-8e99-4528-a8ea-d5d5d781d588	GET	/assets/project_2_0-7d0be142.jpg	undefined
20231114	23:14:17	5423a445-3973-4b0b-a39e-08097642651a	GET	/assets/project_3_0-98e3a712.jpg	undefined
20231114	23:14:17	597b9cce-e7c0-4809-9ac0-916a27e4640d	GET	/assets/project_4_0-fbc82258.jpg	undefined
20231114	23:14:18	22e9d3bc-f4ab-4009-8005-7f0e221a55db	GET	/assets/background4-a072f41b.jpg	undefined
20231114	23:14:18	c1bf8592-6b80-41ba-8a24-5a81b1671233	GET	/assets/background6-4fd76439.jpg	undefined
20231114	23:14:18	88d9094c-2181-42e7-acf3-cae21d53ce9c	GET	/assets/background5-4e19d6b3.jpg	undefined
20231114	23:14:22	c3653dec-042c-4ffa-97d3-fee76424e86e	GET	/api/	undefined
20231114	23:14:22	3d2ec3d3-5876-40b6-9df8-46fa8ed1eca0	GET	/api/css/style.css	undefined
20231114	23:14:34	e8fd0e2f-e101-4049-ad74-bd5e3543ac59	GET	/afaf	undefined
20231114	23:14:34	fd066976-a51a-46c1-a7ca-7e3ca886ae4f	GET	/assets/index-abb69c47.js	http://localhost:5000
20231114	23:14:34	1af9fcaa-0be2-472f-b7f0-3d96e0725b49	GET	/assets/index-ea5f6cf5.css	undefined
20231114	23:14:52	900091da-6b62-4f35-ab8c-6dc6078d4b45	GET	/api/adad	undefined
20231114	23:14:52	ef6ba71a-22fd-4873-8216-66b204421e44	GET	/api/css/style.css	undefined
20231114	23:15:10	66889b12-7e98-40bf-8454-eba5c711e318	GET	/fanchises	undefined
20231114	23:15:10	b5b5ca6a-6723-46ee-b395-ed867f13c760	GET	/assets/index-abb69c47.js	http://localhost:5000
20231114	23:15:10	efd298e6-9a13-4d8b-820d-17f36645fdae	GET	/assets/index-ea5f6cf5.css	undefined
20231114	23:15:17	fd354b70-c12a-47fc-a041-243731311042	GET	/assets/background6-4fd76439.jpg	undefined
20231114	23:15:17	cc95e957-879e-4fab-9595-965e15af0782	GET	/assets/background4-a072f41b.jpg	undefined
20231114	23:15:17	7dd3ff74-b920-42c6-ac75-0f261477f337	GET	/assets/background5-4e19d6b3.jpg	undefined
20231114	23:15:17	21703b16-c6fa-4f4e-a640-3ebbe657d374	GET	/assets/benefit-5c2d8b4d.svg	undefined
20231114	23:15:17	30660fd2-e772-4511-8148-a23fbb0779df	GET	/assets/investment-68153d44.svg	undefined
20231114	23:15:17	f30243c6-b9cd-42d7-b698-aaef157fc557	GET	/assets/passport_flag-bf99ce4b.jpg	undefined
20231114	23:15:17	a428ac25-9e56-4ce7-a4b9-fef89a89f069	GET	/assets/service_education-1826dd1a.jpeg	undefined
20231114	23:15:17	33b8b4c4-88b8-4ffe-9ae0-344f1321ea53	GET	/assets/service_exchange-a1415e40.jpeg	undefined
20231114	23:15:17	29a8358c-4bba-473b-95b4-fea98c4ebc8e	GET	/assets/service_immigration-d0bff695.jpeg	undefined
20231114	23:15:17	4501d1c9-8eaf-4c4d-a129-c3368a21ede9	GET	/assets/service_insurance-cab75317.jpeg	undefined
20231114	23:15:17	22c8154f-f610-42bf-a9b5-03beae005415	GET	/assets/service_law-d7127eaf.jpeg	undefined
20231114	23:15:17	ae55f736-d7dd-4165-a975-c9b9156bd738	GET	/assets/service_translation-433dec12.jpeg	undefined
20231114	23:15:17	1f140be0-87de-4048-a5c4-fa8c7aa26dfc	GET	/assets/project_1_4-a2c6b482.jpg	undefined
20231114	23:15:17	a742f5ac-1061-454a-a699-1d938d0c0430	GET	/assets/legal_assistant-7eef676f.jpg	undefined
20231114	23:15:17	a57a6f02-9d55-4212-9ef6-b19e827c2909	GET	/assets/property_tours-f803d05f.jpg	undefined
20231114	23:15:17	b3713a51-f110-4a84-abd3-bb649a63fc53	GET	/assets/application_processing-931065b7.jpg	undefined
20231114	23:15:17	212719e1-f5c3-4967-9a0c-27c6fabfee71	GET	/assets/project_1_0-b5eaa6dd.jpg	undefined
20231114	23:15:17	a4b3755c-a71d-4863-8fb1-6bfb800ec1db	GET	/assets/project_2_0-7d0be142.jpg	undefined
20231114	23:15:17	b405c004-ff7d-45a3-a081-adf7a5fc8dea	GET	/assets/project_3_0-98e3a712.jpg	undefined
20231114	23:15:17	3f87b811-cde9-4114-9e98-cd7c6ec86e7b	GET	/assets/project_4_0-fbc82258.jpg	undefined
20231114	23:15:18	fe51050d-1e79-4fb4-a8c9-56a96903cb39	GET	/assets/background6-4fd76439.jpg	undefined
20231114	23:15:18	b82ab0ae-16d9-4f6e-a538-290eda7c20e6	GET	/assets/background4-a072f41b.jpg	undefined
20231114	23:15:18	c397dcee-415e-446a-a295-9a120abcfc94	GET	/assets/background5-4e19d6b3.jpg	undefined
20231114	23:15:27	701eeb76-bdf5-41eb-add5-f7f270a6b578	GET	/franchises	undefined
20231114	23:15:27	0427969a-390d-463d-83d7-07aea8f401ae	GET	/assets/index-abb69c47.js	http://localhost:5000
20231114	23:15:27	1cec976e-d14e-474c-92d3-55ed935b036e	GET	/assets/index-ea5f6cf5.css	undefined
20231114	23:15:27	879456ef-c568-4a98-805b-1142ea509e41	GET	/assets/homecity_logo-6dd508ab.svg	undefined
20231114	23:17:56	d2edba91-2de9-42dd-89e4-cc077a5ac5b6	GET	/franchises	undefined
20231114	23:17:56	d46fbd04-3e1a-4429-8c03-7c27d70a9cea	GET	/assets/index-056802b8.js	http://localhost:5000
20231114	23:17:56	aef1bc10-e619-476f-90e5-64884b5e0928	GET	/assets/index-ea5f6cf5.css	undefined
20231114	23:17:56	a27cdaed-fb56-4757-a5d9-3550d998d7ee	GET	/assets/homecity_logo-6dd508ab.svg	undefined
20231114	23:23:50	f564a8de-02a0-48f2-8982-5ffbc983518f	GET	/assets/project_1_2-acb54367.jpg	undefined
20231114	23:24:50	f40a8052-2de3-4b66-b47c-efd2072a272e	GET	/assets/project_1_4-a2c6b482.jpg	undefined
20231114	23:24:52	44f2e9d2-3e75-4868-b189-35a794eb9f98	GET	/franchises	undefined
20231114	23:24:52	1e4e273a-874c-42d2-9fe1-39e19a78210b	GET	/assets/index-ccd91eea.js	http://localhost:5000
20231114	23:24:52	df7ecf70-c91e-43b7-9d90-f58cf61027cd	GET	/assets/index-ea5f6cf5.css	undefined
20231114	23:24:53	891a1bc1-43df-4c3a-ab69-8b0a3096bbce	GET	/assets/homecity_logo-6dd508ab.svg	undefined
20231114	23:30:50	4e7b213d-6554-41a6-bfbd-25955937ca78	GET	/assets/project_1_1-50ce0323.jpg	undefined
20231116	22:30:51	81b80476-5333-425c-a04b-f55362897627	GET	/	undefined
20231116	22:30:51	f627f714-5f3f-44a1-a94a-319eec5ad58e	GET	/css/style.css	undefined
20231116	22:30:52	56e0314e-f84a-45fb-b9eb-e307a78ce624	GET	/favicon.ico	undefined
20231116	22:31:17	3f6e0fee-0dbb-4563-8cf9-a7e105d58fd5	GET	/	undefined
20231116	22:31:17	ed4307f5-7da3-4f73-bcbd-32501b6da4df	GET	/assets/index-249fe0db.js	http://localhost:5000
20231116	22:31:17	12450543-10d4-4209-bd3d-76339bfcaa92	GET	/assets/index-4c3eca0b.css	undefined
20231116	22:31:17	5646b30d-ecc3-4053-ae1f-3762d2834eb4	GET	/assets/background6-4fd76439.jpg	undefined
20231116	22:31:17	d763ea77-5b8c-4897-a8a7-8fc59054f919	GET	/assets/background4-a072f41b.jpg	undefined
20231116	22:31:17	93f7009b-0e75-4e82-bf0a-11f751c6f292	GET	/assets/background5-4e19d6b3.jpg	undefined
20231116	22:31:17	9b01709a-0187-42f9-8a04-f00ad3a3991c	GET	/assets/passport_flag-bf99ce4b.jpg	undefined
20231116	22:31:17	51bc6684-22d0-406e-a35e-f5ca8f068828	GET	/assets/benefit-5c2d8b4d.svg	undefined
20231116	22:31:17	6eeb919c-2902-4039-b884-6be232d28e8b	GET	/assets/investment-68153d44.svg	undefined
20231116	22:31:17	fe31be12-57c1-4306-bd4d-ad5a0f6288e0	GET	/assets/service_education-1826dd1a.jpeg	undefined
20231116	22:31:17	4d8b2ca4-12a2-45a2-a6c1-de7a1ec0dcaf	GET	/assets/service_exchange-a1415e40.jpeg	undefined
20231116	22:31:17	eccb8884-34c0-4185-82b8-c610bd947493	GET	/assets/service_immigration-d0bff695.jpeg	undefined
20231116	22:31:17	6e7d6d8b-87bb-413f-88e8-5c87c43a80bf	GET	/assets/service_insurance-cab75317.jpeg	undefined
20231116	22:31:17	1dcfc354-6c50-4e7a-9b7d-ba19310b292e	GET	/assets/service_translation-433dec12.jpeg	undefined
20231116	22:31:17	9d1ce9d0-b389-4256-ab05-6a6d722a95bb	GET	/assets/service_law-d7127eaf.jpeg	undefined
20231116	22:31:17	372320d7-5d40-42c9-ba31-8834c4b6f270	GET	/assets/project_1_1-50ce0323.jpg	undefined
20231116	22:31:17	f6203f21-db54-48f4-98f6-bb2bae0820a5	GET	/assets/background1-3c4988b1.jpg	undefined
20231116	22:31:17	e739350b-4ec7-42a1-adea-adfdf9e53f78	GET	/assets/legal_assistant-7eef676f.jpg	undefined
20231116	22:31:17	3742ee5d-ede8-452e-96f2-a53cce9d4bab	GET	/assets/property_tours-f803d05f.jpg	undefined
20231116	22:31:17	99d1047b-8151-4cc3-b066-3bcf32cae3fb	GET	/assets/application_processing-931065b7.jpg	undefined
20231116	22:31:17	c6aa3290-671c-48dc-8e59-c33f244c846e	GET	/assets/info_1-7152abd7.jpeg	undefined
20231116	22:31:17	027f57ea-58e2-46d4-beaa-112d408206dd	GET	/assets/info_2-43f3341f.jpeg	undefined
20231116	22:31:17	b85d7355-81fd-400a-ae4d-9658d92da752	GET	/assets/info_3-ad9ff749.jpeg	undefined
20231116	22:31:17	f378eb66-7b9c-4c43-941f-29512f682f15	GET	/assets/project_1_0-b5eaa6dd.jpg	undefined
20231116	22:31:17	8873cece-9379-4be8-96a5-fc8d362d9f66	GET	/assets/project_2_0-7d0be142.jpg	undefined
20231116	22:31:17	75c9269a-ab45-495d-aa04-ee835a2045d6	GET	/assets/project_3_0-98e3a712.jpg	undefined
20231116	22:31:17	5c14640a-edb7-4ede-85a3-461dc724a687	GET	/assets/project_4_0-fbc82258.jpg	undefined
20231116	22:31:27	3685d5f2-3f73-4a43-98dc-d7c5ad37b541	GET	/assets/project_1_3-9cfc848d.jpg	undefined
20231116	22:31:32	a94f517f-f9db-4579-ae12-3dd361ae5d01	GET	/assets/project_1_4-a2c6b482.jpg	undefined
20231116	22:31:37	7176a2d6-b79f-42cf-96a0-7b092d6dad97	GET	/assets/project_1_2-acb54367.jpg	undefined
20231116	22:31:42	9b7ff5e5-d40b-4988-b31a-98789f95df86	GET	/assets/project_1_4-a2c6b482.jpg	undefined
20231116	22:34:58	5c594c30-0618-43fa-906e-7e31c9685361	GET	/assets/project_1_2-acb54367.jpg	undefined
20231116	22:36:58	62da2727-7d76-4425-a73e-809e210603d1	GET	/assets/project_1_3-9cfc848d.jpg	undefined
20231116	22:38:59	307a651f-c799-40e0-9c19-aba7916a0801	GET	/socket.io/?EIO=4&transport=polling&t=OlPfDFi	http://localhost:5173
20231116	22:38:59	1ffdcd35-d76b-4ae7-ad53-66f0c5f5392d	GET	/socket.io/?EIO=4&transport=polling&t=OlPfDFj	http://localhost:5173
20231116	22:39:00	ae18b2df-b5ed-4ad9-8fd6-746e7c4e35ab	GET	/socket.io/?EIO=4&transport=polling&t=OlPfDVK	undefined
20231116	22:39:02	38f3a2a5-6ea1-42d9-ad06-54de14654777	GET	/socket.io/?EIO=4&transport=polling&t=OlPfD-a	undefined
20231116	22:39:04	64e673e6-b4a3-4b91-89e8-64ae68d2975b	GET	/socket.io/?EIO=4&transport=polling&t=OlPfET-	http://localhost:5173
20231116	22:39:04	6b45d32d-bb61-4683-84f6-ea2c46ca8928	GET	/socket.io/?EIO=4&transport=polling&t=OlPfEU0	http://localhost:5173
20231116	22:39:06	fdd30ed4-157b-42e1-8425-a9f3ce60eb33	GET	/socket.io/?EIO=4&transport=polling&t=OlPfEz4	undefined
20231116	22:39:07	628da140-57ca-4310-af79-9b5f69ed6850	GET	/socket.io/?EIO=4&transport=polling&t=OlPfE_A	http://localhost:5173
20231116	22:39:07	3003620b-608a-42ca-809f-9d8b28f0d190	GET	/socket.io/?EIO=4&transport=polling&t=OlPfE_B	http://localhost:5173
20231116	22:39:08	c4254300-bcc3-4db6-80ea-b1eb4aaa0a96	GET	/socket.io/?EIO=4&transport=polling&t=OlPfFF4	http://localhost:5173
20231116	22:39:08	9630a33f-9c0d-461a-818c-455a3687ac1f	GET	/socket.io/?EIO=4&transport=polling&t=OlPfFIx	http://localhost:5173
20231116	22:39:08	ed5e9409-7109-438d-9e95-46b1c9101fcd	GET	/socket.io/?EIO=4&transport=polling&t=OlPfFSK	undefined
20231116	22:39:09	1d1b37f1-3e38-4406-8bbe-ece56b0ec621	GET	/socket.io/?EIO=4&transport=polling&t=OlPfFdy	http://localhost:5173
20231116	22:39:09	ba4cd4c5-2a7c-428c-828c-19780c610ca7	GET	/socket.io/?EIO=4&transport=polling&t=OlPfFgG	http://localhost:5173
20231116	22:39:12	ee33932b-8b17-4322-a529-a05bf4bc54bd	GET	/socket.io/?EIO=4&transport=polling&t=OlPfGQq	undefined
20231116	22:39:13	74963ad5-fc33-4ad9-9dc6-74bde45a0ad7	GET	/socket.io/?EIO=4&transport=polling&t=OlPfGUh	http://localhost:5173
20231116	22:39:13	67ce5707-e2fd-4887-b1d4-c32dffbc08c7	GET	/socket.io/?EIO=4&transport=polling&t=OlPfGW_	http://localhost:5173
20231116	22:39:14	4ff49452-b0b0-4b86-8fc3-7976fa0af097	GET	/socket.io/?EIO=4&transport=polling&t=OlPfGw4	undefined
20231116	22:39:18	d73fcb2c-488c-41ff-983c-b18f3dcf4620	GET	/socket.io/?EIO=4&transport=polling&t=OlPfHit	http://localhost:5173
20231116	22:39:18	425b9f8b-f0c5-4634-abad-fb46b38ffca0	GET	/socket.io/?EIO=4&transport=polling&t=OlPfHlA	http://localhost:5173
20231116	22:39:18	040a427f-b3e2-4c49-871b-31cf537c35ca	GET	/socket.io/?EIO=4&transport=polling&t=OlPfHua	undefined
20231116	22:39:20	391ada2d-78ec-4c83-9fb6-652457afa68c	GET	/socket.io/?EIO=4&transport=polling&t=OlPfINq	undefined
20231116	22:39:23	d4210b7c-2c1a-4bc4-997f-5185e251105e	GET	/socket.io/?EIO=4&transport=polling&t=OlPfIx3	http://localhost:5173
20231116	22:39:23	52c37ba6-7755-4591-9e98-a6849c87a01d	GET	/socket.io/?EIO=4&transport=polling&t=OlPfIzL	http://localhost:5173
20231116	22:39:24	9efa27bb-de7f-48dd-9102-af0ce40c8ac9	GET	/socket.io/?EIO=4&transport=polling&t=OlPfJMK	undefined
20231116	22:39:26	e9e8ee22-2fb3-45e0-8776-8701c9d7dd3d	GET	/socket.io/?EIO=4&transport=polling&t=OlPfJra	undefined
20231116	22:39:28	c7f8b63e-1306-41a8-8d19-53b28bc9ac2e	GET	/socket.io/?EIO=4&transport=polling&t=OlPfK9F	http://localhost:5173
20231116	22:39:28	00a3876c-954f-4604-8c8d-fa505e3aaef9	GET	/socket.io/?EIO=4&transport=polling&t=OlPfKBY	http://localhost:5173
20231116	22:39:30	8c38bff6-6d65-480b-86a8-9e27c767f813	GET	/socket.io/?EIO=4&transport=polling&t=OlPfKq5	undefined
20231116	22:39:32	3d4edda0-d052-46b3-939f-bffc4bd1a106	GET	/socket.io/?EIO=4&transport=polling&t=OlPfLJK	undefined
20231116	22:39:33	d37a21a0-c0e8-43e3-809d-e68e2513ee4f	GET	/socket.io/?EIO=4&transport=polling&t=OlPfLNQ	http://localhost:5173
20231116	22:39:33	1f66d7eb-d66c-4b3f-a47e-48138663ff90	GET	/socket.io/?EIO=4&transport=polling&t=OlPfLPj	http://localhost:5173
20231116	22:39:36	6fea4d21-0a3b-493c-a749-373a1f2dd447	GET	/socket.io/?EIO=4&transport=polling&t=OlPfMHq	undefined
20231116	22:39:38	a8359fcc-8bf2-4a82-a6d9-937de9e7561a	GET	/socket.io/?EIO=4&transport=polling&t=OlPfMbd	http://localhost:5173
20231116	22:39:38	56a3aded-bab4-417e-97ec-030e62d0517b	GET	/socket.io/?EIO=4&transport=polling&t=OlPfMdv	http://localhost:5173
20231116	22:39:38	ba6a50ae-1314-44a1-971a-368294f677ee	GET	/socket.io/?EIO=4&transport=polling&t=OlPfMn4	undefined
20231116	22:39:42	33876461-4e54-4038-88ec-990563165d0f	GET	/socket.io/?EIO=4&transport=polling&t=OlPfNla	undefined
20231116	22:39:43	9922b436-05b0-4b3b-aad9-3f171f17e85f	GET	/socket.io/?EIO=4&transport=polling&t=OlPfNpp	http://localhost:5173
20231116	22:39:43	0f4ece34-5dac-4afe-b1bc-b5d2a98b4fe0	GET	/socket.io/?EIO=4&transport=polling&t=OlPfNs6	http://localhost:5173
20231116	22:39:44	eebf934e-6d5c-4c13-b9c2-020a21489e44	GET	/socket.io/?EIO=4&transport=polling&t=OlPfOEq	undefined
20231116	22:39:48	b864337e-55f2-4cc8-828b-ca9c2f2258ec	GET	/socket.io/?EIO=4&transport=polling&t=OlPfP20	http://localhost:5173
20231116	22:39:48	aa0fd8ac-a494-474f-98da-5327b6c33852	GET	/socket.io/?EIO=4&transport=polling&t=OlPfP4I	http://localhost:5173
20231116	22:39:48	b9aa7ab6-867e-4afc-bea4-6a8755afb6a7	GET	/socket.io/?EIO=4&transport=polling&t=OlPfPDK	undefined
20231116	22:39:50	02d1fb66-d864-450f-9fad-613d55e61f7d	GET	/socket.io/?EIO=4&transport=polling&t=OlPfPia	undefined
20231116	22:39:58	67bbe572-f40b-4340-aeea-59c2f1354ba9	GET	/assets/project_1_2-acb54367.jpg	undefined
20231116	22:40:58	55fa55e5-d3c2-4646-96e8-c799de5f5e22	GET	/assets/project_1_3-9cfc848d.jpg	undefined
